# JRE version: Java(TM) SE Runtime Environment (8.0_241-b07) (build 1.8.0_241-b07)
# Java VM: Java HotSpot(TM) 64-Bit Server VM (25.241-b07 mixed mode windows-amd64 compressed oops)
Heap:
 PSYoungGen      total 47616K, used 6483K [0x00000000d5f80000, 0x00000000d9780000, 0x0000000100000000)
  eden space 46080K, 14% used [0x00000000d5f80000,0x00000000d65cccd8,0x00000000d8c80000)
  from space 1536K, 2% used [0x00000000d8c80000,0x00000000d8c88000,0x00000000d8e00000)
  to   space 1024K, 0% used [0x00000000d9680000,0x00000000d9680000,0x00000000d9780000)
 ParOldGen       total 87552K, used 15052K [0x0000000081e00000, 0x0000000087380000, 0x00000000d5f80000)
  object space 87552K, 17% used [0x0000000081e00000,0x0000000082cb31a8,0x0000000087380000)
 Metaspace       used 5278K, capacity 5460K, committed 5504K, reserved 1056768K
  class space    used 574K, capacity 630K, committed 640K, reserved 1048576K
GC Heap History (10 events):
Event: 3.890 GC heap before
{Heap before GC invocations=63 (full 0):
 PSYoungGen      total 47616K, used 44608K [0x00000000d5f80000, 0x00000000d9100000, 0x0000000100000000)
  eden space 44544K, 100% used [0x00000000d5f80000,0x00000000d8b00000,0x00000000d8b00000)
  from space 3072K, 2% used [0x00000000d8e00000,0x00000000d8e10000,0x00000000d9100000)
  to   space 3072K, 0% used [0x00000000d8b00000,0x00000000d8b00000,0x00000000d8e00000)
 ParOldGen       total 87552K, used 12492K [0x0000000081e00000, 0x0000000087380000, 0x00000000d5f80000)
  object space 87552K, 14% used [0x0000000081e00000,0x0000000082a331a8,0x0000000087380000)
 Metaspace       used 5268K, capacity 5460K, committed 5504K, reserved 1056768K
  class space    used 574K, capacity 630K, committed 640K, reserved 1048576K
Event: 3.893 GC heap after
Heap after GC invocations=63 (full 0):
 PSYoungGen      total 47616K, used 32K [0x00000000d5f80000, 0x00000000d9100000, 0x0000000100000000)
  eden space 44544K, 0% used [0x00000000d5f80000,0x00000000d5f80000,0x00000000d8b00000)
  from space 3072K, 1% used [0x00000000d8b00000,0x00000000d8b08000,0x00000000d8e00000)
  to   space 3072K, 0% used [0x00000000d8e00000,0x00000000d8e00000,0x00000000d9100000)
 ParOldGen       total 87552K, used 12492K [0x0000000081e00000, 0x0000000087380000, 0x00000000d5f80000)
  object space 87552K, 14% used [0x0000000081e00000,0x0000000082a331a8,0x0000000087380000)
 Metaspace       used 5268K, capacity 5460K, committed 5504K, reserved 1056768K
  class space    used 574K, capacity 630K, committed 640K, reserved 1048576K
}
Event: 4.053 GC heap before
{Heap before GC invocations=64 (full 0):
 PSYoungGen      total 47616K, used 44576K [0x00000000d5f80000, 0x00000000d9100000, 0x0000000100000000)
  eden space 44544K, 100% used [0x00000000d5f80000,0x00000000d8b00000,0x00000000d8b00000)
  from space 3072K, 1% used [0x00000000d8b00000,0x00000000d8b08000,0x00000000d8e00000)
  to   space 3072K, 0% used [0x00000000d8e00000,0x00000000d8e00000,0x00000000d9100000)
 ParOldGen       total 87552K, used 12492K [0x0000000081e00000, 0x0000000087380000, 0x00000000d5f80000)
  object space 87552K, 14% used [0x0000000081e00000,0x0000000082a331a8,0x0000000087380000)
 Metaspace       used 5272K, capacity 5460K, committed 5504K, reserved 1056768K
  class space    used 574K, capacity 630K, committed 640K, reserved 1048576K
Event: 4.055 GC heap after
Heap after GC invocations=64 (full 0):
 PSYoungGen      total 47616K, used 2400K [0x00000000d5f80000, 0x00000000d9100000, 0x0000000100000000)
  eden space 44544K, 0% used [0x00000000d5f80000,0x00000000d5f80000,0x00000000d8b00000)
  from space 3072K, 78% used [0x00000000d8e00000,0x00000000d9058000,0x00000000d9100000)
  to   space 3072K, 0% used [0x00000000d8b00000,0x00000000d8b00000,0x00000000d8e00000)
 ParOldGen       total 87552K, used 12492K [0x0000000081e00000, 0x0000000087380000, 0x00000000d5f80000)
  object space 87552K, 14% used [0x0000000081e00000,0x0000000082a331a8,0x0000000087380000)
 Metaspace       used 5272K, capacity 5460K, committed 5504K, reserved 1056768K
  class space    used 574K, capacity 630K, committed 640K, reserved 1048576K
}
Event: 4.294 GC heap before
{Heap before GC invocations=65 (full 0):
 PSYoungGen      total 47616K, used 46944K [0x00000000d5f80000, 0x00000000d9100000, 0x0000000100000000)
  eden space 44544K, 100% used [0x00000000d5f80000,0x00000000d8b00000,0x00000000d8b00000)
  from space 3072K, 78% used [0x00000000d8e00000,0x00000000d9058000,0x00000000d9100000)
  to   space 3072K, 0% used [0x00000000d8b00000,0x00000000d8b00000,0x00000000d8e00000)
 ParOldGen       total 87552K, used 12492K [0x0000000081e00000, 0x0000000087380000, 0x00000000d5f80000)
  object space 87552K, 14% used [0x0000000081e00000,0x0000000082a331a8,0x0000000087380000)
 Metaspace       used 5272K, capacity 5460K, committed 5504K, reserved 1056768K
  class space    used 574K, capacity 630K, committed 640K, reserved 1048576K
Event: 4.297 GC heap after
Heap after GC invocations=65 (full 0):
 PSYoungGen      total 47616K, used 0K [0x00000000d5f80000, 0x00000000d9100000, 0x0000000100000000)
  eden space 44544K, 0% used [0x00000000d5f80000,0x00000000d5f80000,0x00000000d8b00000)
  from space 3072K, 0% used [0x00000000d8b00000,0x00000000d8b00000,0x00000000d8e00000)
  to   space 3072K, 0% used [0x00000000d8e00000,0x00000000d8e00000,0x00000000d9100000)
 ParOldGen       total 87552K, used 15052K [0x0000000081e00000, 0x0000000087380000, 0x00000000d5f80000)
  object space 87552K, 17% used [0x0000000081e00000,0x0000000082cb31a8,0x0000000087380000)
 Metaspace       used 5272K, capacity 5460K, committed 5504K, reserved 1056768K
  class space    used 574K, capacity 630K, committed 640K, reserved 1048576K
}
Event: 4.449 GC heap before
{Heap before GC invocations=66 (full 0):
 PSYoungGen      total 47616K, used 44544K [0x00000000d5f80000, 0x00000000d9100000, 0x0000000100000000)
  eden space 44544K, 100% used [0x00000000d5f80000,0x00000000d8b00000,0x00000000d8b00000)
  from space 3072K, 0% used [0x00000000d8b00000,0x00000000d8b00000,0x00000000d8e00000)
  to   space 3072K, 0% used [0x00000000d8e00000,0x00000000d8e00000,0x00000000d9100000)
 ParOldGen       total 87552K, used 15052K [0x0000000081e00000, 0x0000000087380000, 0x00000000d5f80000)
  object space 87552K, 17% used [0x0000000081e00000,0x0000000082cb31a8,0x0000000087380000)
 Metaspace       used 5272K, capacity 5460K, committed 5504K, reserved 1056768K
  class space    used 574K, capacity 630K, committed 640K, reserved 1048576K
Event: 4.449 GC heap after
Heap after GC invocations=66 (full 0):
 PSYoungGen      total 49152K, used 0K [0x00000000d5f80000, 0x00000000d9700000, 0x0000000100000000)
  eden space 46080K, 0% used [0x00000000d5f80000,0x00000000d5f80000,0x00000000d8c80000)
  from space 3072K, 0% used [0x00000000d8e00000,0x00000000d8e00000,0x00000000d9100000)
  to   space 1536K, 0% used [0x00000000d8c80000,0x00000000d8c80000,0x00000000d8e00000)
 ParOldGen       total 87552K, used 15052K [0x0000000081e00000, 0x0000000087380000, 0x00000000d5f80000)
  object space 87552K, 17% used [0x0000000081e00000,0x0000000082cb31a8,0x0000000087380000)
 Metaspace       used 5272K, capacity 5460K, committed 5504K, reserved 1056768K
  class space    used 574K, capacity 630K, committed 640K, reserved 1048576K
}
Event: 4.584 GC heap before
{Heap before GC invocations=67 (full 0):
 PSYoungGen      total 49152K, used 46080K [0x00000000d5f80000, 0x00000000d9700000, 0x0000000100000000)
  eden space 46080K, 100% used [0x00000000d5f80000,0x00000000d8c80000,0x00000000d8c80000)
  from space 3072K, 0% used [0x00000000d8e00000,0x00000000d8e00000,0x00000000d9100000)
  to   space 1536K, 0% used [0x00000000d8c80000,0x00000000d8c80000,0x00000000d8e00000)
 ParOldGen       total 87552K, used 15052K [0x0000000081e00000, 0x0000000087380000, 0x00000000d5f80000)
  object space 87552K, 17% used [0x0000000081e00000,0x0000000082cb31a8,0x0000000087380000)
 Metaspace       used 5278K, capacity 5460K, committed 5504K, reserved 1056768K
  class space    used 574K, capacity 630K, committed 640K, reserved 1048576K
Event: 4.585 GC heap after
Heap after GC invocations=67 (full 0):
 PSYoungGen      total 47616K, used 32K [0x00000000d5f80000, 0x00000000d9780000, 0x0000000100000000)
  eden space 46080K, 0% used [0x00000000d5f80000,0x00000000d5f80000,0x00000000d8c80000)
  from space 1536K, 2% used [0x00000000d8c80000,0x00000000d8c88000,0x00000000d8e00000)
  to   space 1024K, 0% used [0x00000000d9680000,0x00000000d9680000,0x00000000d9780000)
 ParOldGen       total 87552K, used 15052K [0x0000000081e00000, 0x0000000087380000, 0x00000000d5f80000)
  object space 87552K, 17% used [0x0000000081e00000,0x0000000082cb31a8,0x0000000087380000)
 Metaspace       used 5278K, capacity 5460K, committed 5504K, reserved 1056768K
  class space    used 574K, capacity 630K, committed 640K, reserved 1048576K
}

