# JRE version: Java(TM) SE Runtime Environment (8.0_241-b07) (build 1.8.0_241-b07)
# Java VM: Java HotSpot(TM) 64-Bit Server VM (25.241-b07 mixed mode windows-amd64 compressed oops)
Heap:
 PSYoungGen      total 71680K, used 38636K [0x00000000d5f80000, 0x00000000daa80000, 0x0000000100000000)
  eden space 66560K, 57% used [0x00000000d5f80000,0x00000000d8533010,0x00000000da080000)
  from space 5120K, 0% used [0x00000000da080000,0x00000000da088000,0x00000000da580000)
  to   space 5120K, 0% used [0x00000000da580000,0x00000000da580000,0x00000000daa80000)
 ParOldGen       total 87552K, used 36807K [0x0000000081e00000, 0x0000000087380000, 0x00000000d5f80000)
  object space 87552K, 42% used [0x0000000081e00000,0x00000000841f1ff0,0x0000000087380000)
 Metaspace       used 5051K, capacity 5184K, committed 5248K, reserved 1056768K
  class space    used 555K, capacity 598K, committed 640K, reserved 1048576K
GC Heap History (10 events):
Event: 2.069 GC heap before
{Heap before GC invocations=13 (full 0):
 PSYoungGen      total 71680K, used 66624K [0x00000000d5f80000, 0x00000000daa80000, 0x0000000100000000)
  eden space 66560K, 100% used [0x00000000d5f80000,0x00000000da080000,0x00000000da080000)
  from space 5120K, 1% used [0x00000000da580000,0x00000000da590000,0x00000000daa80000)
  to   space 5120K, 0% used [0x00000000da080000,0x00000000da080000,0x00000000da580000)
 ParOldGen       total 87552K, used 25202K [0x0000000081e00000, 0x0000000087380000, 0x00000000d5f80000)
  object space 87552K, 28% used [0x0000000081e00000,0x000000008369c930,0x0000000087380000)
 Metaspace       used 5040K, capacity 5184K, committed 5248K, reserved 1056768K
  class space    used 555K, capacity 598K, committed 640K, reserved 1048576K
Event: 2.070 GC heap after
Heap after GC invocations=13 (full 0):
 PSYoungGen      total 71680K, used 2368K [0x00000000d5f80000, 0x00000000daa80000, 0x0000000100000000)
  eden space 66560K, 0% used [0x00000000d5f80000,0x00000000d5f80000,0x00000000da080000)
  from space 5120K, 46% used [0x00000000da080000,0x00000000da2d0000,0x00000000da580000)
  to   space 5120K, 0% used [0x00000000da580000,0x00000000da580000,0x00000000daa80000)
 ParOldGen       total 87552K, used 25202K [0x0000000081e00000, 0x0000000087380000, 0x00000000d5f80000)
  object space 87552K, 28% used [0x0000000081e00000,0x000000008369c930,0x0000000087380000)
 Metaspace       used 5040K, capacity 5184K, committed 5248K, reserved 1056768K
  class space    used 555K, capacity 598K, committed 640K, reserved 1048576K
}
Event: 2.331 GC heap before
{Heap before GC invocations=14 (full 0):
 PSYoungGen      total 71680K, used 68928K [0x00000000d5f80000, 0x00000000daa80000, 0x0000000100000000)
  eden space 66560K, 100% used [0x00000000d5f80000,0x00000000da080000,0x00000000da080000)
  from space 5120K, 46% used [0x00000000da080000,0x00000000da2d0000,0x00000000da580000)
  to   space 5120K, 0% used [0x00000000da580000,0x00000000da580000,0x00000000daa80000)
 ParOldGen       total 87552K, used 25202K [0x0000000081e00000, 0x0000000087380000, 0x00000000d5f80000)
  object space 87552K, 28% used [0x0000000081e00000,0x000000008369c930,0x0000000087380000)
 Metaspace       used 5040K, capacity 5184K, committed 5248K, reserved 1056768K
  class space    used 555K, capacity 598K, committed 640K, reserved 1048576K
Event: 2.333 GC heap after
Heap after GC invocations=14 (full 0):
 PSYoungGen      total 71680K, used 0K [0x00000000d5f80000, 0x00000000daa80000, 0x0000000100000000)
  eden space 66560K, 0% used [0x00000000d5f80000,0x00000000d5f80000,0x00000000da080000)
  from space 5120K, 0% used [0x00000000da580000,0x00000000da580000,0x00000000daa80000)
  to   space 5120K, 0% used [0x00000000da080000,0x00000000da080000,0x00000000da580000)
 ParOldGen       total 87552K, used 27770K [0x0000000081e00000, 0x0000000087380000, 0x00000000d5f80000)
  object space 87552K, 31% used [0x0000000081e00000,0x000000008391e930,0x0000000087380000)
 Metaspace       used 5040K, capacity 5184K, committed 5248K, reserved 1056768K
  class space    used 555K, capacity 598K, committed 640K, reserved 1048576K
}
Event: 2.538 GC heap before
{Heap before GC invocations=15 (full 0):
 PSYoungGen      total 71680K, used 66560K [0x00000000d5f80000, 0x00000000daa80000, 0x0000000100000000)
  eden space 66560K, 100% used [0x00000000d5f80000,0x00000000da080000,0x00000000da080000)
  from space 5120K, 0% used [0x00000000da580000,0x00000000da580000,0x00000000daa80000)
  to   space 5120K, 0% used [0x00000000da080000,0x00000000da080000,0x00000000da580000)
 ParOldGen       total 87552K, used 27770K [0x0000000081e00000, 0x0000000087380000, 0x00000000d5f80000)
  object space 87552K, 31% used [0x0000000081e00000,0x000000008391e930,0x0000000087380000)
 Metaspace       used 5048K, capacity 5184K, committed 5248K, reserved 1056768K
  class space    used 555K, capacity 598K, committed 640K, reserved 1048576K
Event: 2.540 GC heap after
Heap after GC invocations=15 (full 0):
 PSYoungGen      total 71680K, used 4566K [0x00000000d5f80000, 0x00000000daa80000, 0x0000000100000000)
  eden space 66560K, 0% used [0x00000000d5f80000,0x00000000d5f80000,0x00000000da080000)
  from space 5120K, 89% used [0x00000000da080000,0x00000000da4f5b60,0x00000000da580000)
  to   space 5120K, 0% used [0x00000000da580000,0x00000000da580000,0x00000000daa80000)
 ParOldGen       total 87552K, used 27770K [0x0000000081e00000, 0x0000000087380000, 0x00000000d5f80000)
  object space 87552K, 31% used [0x0000000081e00000,0x000000008391e930,0x0000000087380000)
 Metaspace       used 5048K, capacity 5184K, committed 5248K, reserved 1056768K
  class space    used 555K, capacity 598K, committed 640K, reserved 1048576K
}
Event: 2.751 GC heap before
{Heap before GC invocations=16 (full 0):
 PSYoungGen      total 71680K, used 71126K [0x00000000d5f80000, 0x00000000daa80000, 0x0000000100000000)
  eden space 66560K, 100% used [0x00000000d5f80000,0x00000000da080000,0x00000000da080000)
  from space 5120K, 89% used [0x00000000da080000,0x00000000da4f5b60,0x00000000da580000)
  to   space 5120K, 0% used [0x00000000da580000,0x00000000da580000,0x00000000daa80000)
 ParOldGen       total 87552K, used 27770K [0x0000000081e00000, 0x0000000087380000, 0x00000000d5f80000)
  object space 87552K, 31% used [0x0000000081e00000,0x000000008391e930,0x0000000087380000)
 Metaspace       used 5048K, capacity 5184K, committed 5248K, reserved 1056768K
  class space    used 555K, capacity 598K, committed 640K, reserved 1048576K
Event: 2.756 GC heap after
Heap after GC invocations=16 (full 0):
 PSYoungGen      total 71680K, used 2315K [0x00000000d5f80000, 0x00000000daa80000, 0x0000000100000000)
  eden space 66560K, 0% used [0x00000000d5f80000,0x00000000d5f80000,0x00000000da080000)
  from space 5120K, 45% used [0x00000000da580000,0x00000000da7c2db0,0x00000000daa80000)
  to   space 5120K, 0% used [0x00000000da080000,0x00000000da080000,0x00000000da580000)
 ParOldGen       total 87552K, used 32289K [0x0000000081e00000, 0x0000000087380000, 0x00000000d5f80000)
  object space 87552K, 36% used [0x0000000081e00000,0x0000000083d88490,0x0000000087380000)
 Metaspace       used 5048K, capacity 5184K, committed 5248K, reserved 1056768K
  class space    used 555K, capacity 598K, committed 640K, reserved 1048576K
}
Event: 3.016 GC heap before
{Heap before GC invocations=17 (full 0):
 PSYoungGen      total 71680K, used 68875K [0x00000000d5f80000, 0x00000000daa80000, 0x0000000100000000)
  eden space 66560K, 100% used [0x00000000d5f80000,0x00000000da080000,0x00000000da080000)
  from space 5120K, 45% used [0x00000000da580000,0x00000000da7c2db0,0x00000000daa80000)
  to   space 5120K, 0% used [0x00000000da080000,0x00000000da080000,0x00000000da580000)
 ParOldGen       total 87552K, used 32289K [0x0000000081e00000, 0x0000000087380000, 0x00000000d5f80000)
  object space 87552K, 36% used [0x0000000081e00000,0x0000000083d88490,0x0000000087380000)
 Metaspace       used 5051K, capacity 5184K, committed 5248K, reserved 1056768K
  class space    used 555K, capacity 598K, committed 640K, reserved 1048576K
Event: 3.020 GC heap after
Heap after GC invocations=17 (full 0):
 PSYoungGen      total 71680K, used 32K [0x00000000d5f80000, 0x00000000daa80000, 0x0000000100000000)
  eden space 66560K, 0% used [0x00000000d5f80000,0x00000000d5f80000,0x00000000da080000)
  from space 5120K, 0% used [0x00000000da080000,0x00000000da088000,0x00000000da580000)
  to   space 5120K, 0% used [0x00000000da580000,0x00000000da580000,0x00000000daa80000)
 ParOldGen       total 87552K, used 36807K [0x0000000081e00000, 0x0000000087380000, 0x00000000d5f80000)
  object space 87552K, 42% used [0x0000000081e00000,0x00000000841f1ff0,0x0000000087380000)
 Metaspace       used 5051K, capacity 5184K, committed 5248K, reserved 1056768K
  class space    used 555K, capacity 598K, committed 640K, reserved 1048576K
}

