# JRE version: Java(TM) SE Runtime Environment (8.0_241-b07) (build 1.8.0_241-b07)
# Java VM: Java HotSpot(TM) 64-Bit Server VM (25.241-b07 mixed mode windows-amd64 compressed oops)
Heap:
 PSYoungGen      total 61952K, used 41291K [0x00000000d5f80000, 0x00000000d9f00000, 0x0000000100000000)
  eden space 58880K, 65% used [0x00000000d5f80000,0x00000000d8572f60,0x00000000d9900000)
  from space 3072K, 79% used [0x00000000d9c00000,0x00000000d9e60000,0x00000000d9f00000)
  to   space 3072K, 0% used [0x00000000d9900000,0x00000000d9900000,0x00000000d9c00000)
 ParOldGen       total 87552K, used 20331K [0x0000000081e00000, 0x0000000087380000, 0x00000000d5f80000)
  object space 87552K, 23% used [0x0000000081e00000,0x00000000831dad48,0x0000000087380000)
 Metaspace       used 5276K, capacity 5464K, committed 5504K, reserved 1056768K
  class space    used 574K, capacity 630K, committed 640K, reserved 1048576K
GC Heap History (10 events):
Event: 2.937 GC heap before
{Heap before GC invocations=52 (full 0):
 PSYoungGen      total 61952K, used 58912K [0x00000000d5f80000, 0x00000000d9f00000, 0x0000000100000000)
  eden space 58880K, 100% used [0x00000000d5f80000,0x00000000d9900000,0x00000000d9900000)
  from space 3072K, 1% used [0x00000000d9900000,0x00000000d9908000,0x00000000d9c00000)
  to   space 3072K, 0% used [0x00000000d9c00000,0x00000000d9c00000,0x00000000d9f00000)
 ParOldGen       total 87552K, used 20315K [0x0000000081e00000, 0x0000000087380000, 0x00000000d5f80000)
  object space 87552K, 23% used [0x0000000081e00000,0x00000000831d6d48,0x0000000087380000)
 Metaspace       used 5273K, capacity 5464K, committed 5504K, reserved 1056768K
  class space    used 574K, capacity 630K, committed 640K, reserved 1048576K
Event: 2.937 GC heap after
Heap after GC invocations=52 (full 0):
 PSYoungGen      total 61952K, used 32K [0x00000000d5f80000, 0x00000000d9f00000, 0x0000000100000000)
  eden space 58880K, 0% used [0x00000000d5f80000,0x00000000d5f80000,0x00000000d9900000)
  from space 3072K, 1% used [0x00000000d9c00000,0x00000000d9c08000,0x00000000d9f00000)
  to   space 3072K, 0% used [0x00000000d9900000,0x00000000d9900000,0x00000000d9c00000)
 ParOldGen       total 87552K, used 20331K [0x0000000081e00000, 0x0000000087380000, 0x00000000d5f80000)
  object space 87552K, 23% used [0x0000000081e00000,0x00000000831dad48,0x0000000087380000)
 Metaspace       used 5273K, capacity 5464K, committed 5504K, reserved 1056768K
  class space    used 574K, capacity 630K, committed 640K, reserved 1048576K
}
Event: 2.979 GC heap before
{Heap before GC invocations=53 (full 0):
 PSYoungGen      total 61952K, used 58912K [0x00000000d5f80000, 0x00000000d9f00000, 0x0000000100000000)
  eden space 58880K, 100% used [0x00000000d5f80000,0x00000000d9900000,0x00000000d9900000)
  from space 3072K, 1% used [0x00000000d9c00000,0x00000000d9c08000,0x00000000d9f00000)
  to   space 3072K, 0% used [0x00000000d9900000,0x00000000d9900000,0x00000000d9c00000)
 ParOldGen       total 87552K, used 20331K [0x0000000081e00000, 0x0000000087380000, 0x00000000d5f80000)
  object space 87552K, 23% used [0x0000000081e00000,0x00000000831dad48,0x0000000087380000)
 Metaspace       used 5273K, capacity 5464K, committed 5504K, reserved 1056768K
  class space    used 574K, capacity 630K, committed 640K, reserved 1048576K
Event: 2.979 GC heap after
Heap after GC invocations=53 (full 0):
 PSYoungGen      total 61952K, used 32K [0x00000000d5f80000, 0x00000000d9f00000, 0x0000000100000000)
  eden space 58880K, 0% used [0x00000000d5f80000,0x00000000d5f80000,0x00000000d9900000)
  from space 3072K, 1% used [0x00000000d9900000,0x00000000d9908000,0x00000000d9c00000)
  to   space 3072K, 0% used [0x00000000d9c00000,0x00000000d9c00000,0x00000000d9f00000)
 ParOldGen       total 87552K, used 20331K [0x0000000081e00000, 0x0000000087380000, 0x00000000d5f80000)
  object space 87552K, 23% used [0x0000000081e00000,0x00000000831dad48,0x0000000087380000)
 Metaspace       used 5273K, capacity 5464K, committed 5504K, reserved 1056768K
  class space    used 574K, capacity 630K, committed 640K, reserved 1048576K
}
Event: 3.025 GC heap before
{Heap before GC invocations=54 (full 0):
 PSYoungGen      total 61952K, used 58912K [0x00000000d5f80000, 0x00000000d9f00000, 0x0000000100000000)
  eden space 58880K, 100% used [0x00000000d5f80000,0x00000000d9900000,0x00000000d9900000)
  from space 3072K, 1% used [0x00000000d9900000,0x00000000d9908000,0x00000000d9c00000)
  to   space 3072K, 0% used [0x00000000d9c00000,0x00000000d9c00000,0x00000000d9f00000)
 ParOldGen       total 87552K, used 20331K [0x0000000081e00000, 0x0000000087380000, 0x00000000d5f80000)
  object space 87552K, 23% used [0x0000000081e00000,0x00000000831dad48,0x0000000087380000)
 Metaspace       used 5273K, capacity 5464K, committed 5504K, reserved 1056768K
  class space    used 574K, capacity 630K, committed 640K, reserved 1048576K
Event: 3.026 GC heap after
Heap after GC invocations=54 (full 0):
 PSYoungGen      total 61952K, used 64K [0x00000000d5f80000, 0x00000000d9f00000, 0x0000000100000000)
  eden space 58880K, 0% used [0x00000000d5f80000,0x00000000d5f80000,0x00000000d9900000)
  from space 3072K, 2% used [0x00000000d9c00000,0x00000000d9c10000,0x00000000d9f00000)
  to   space 3072K, 0% used [0x00000000d9900000,0x00000000d9900000,0x00000000d9c00000)
 ParOldGen       total 87552K, used 20331K [0x0000000081e00000, 0x0000000087380000, 0x00000000d5f80000)
  object space 87552K, 23% used [0x0000000081e00000,0x00000000831dad48,0x0000000087380000)
 Metaspace       used 5273K, capacity 5464K, committed 5504K, reserved 1056768K
  class space    used 574K, capacity 630K, committed 640K, reserved 1048576K
}
Event: 3.067 GC heap before
{Heap before GC invocations=55 (full 0):
 PSYoungGen      total 61952K, used 58944K [0x00000000d5f80000, 0x00000000d9f00000, 0x0000000100000000)
  eden space 58880K, 100% used [0x00000000d5f80000,0x00000000d9900000,0x00000000d9900000)
  from space 3072K, 2% used [0x00000000d9c00000,0x00000000d9c10000,0x00000000d9f00000)
  to   space 3072K, 0% used [0x00000000d9900000,0x00000000d9900000,0x00000000d9c00000)
 ParOldGen       total 87552K, used 20331K [0x0000000081e00000, 0x0000000087380000, 0x00000000d5f80000)
  object space 87552K, 23% used [0x0000000081e00000,0x00000000831dad48,0x0000000087380000)
 Metaspace       used 5273K, capacity 5464K, committed 5504K, reserved 1056768K
  class space    used 574K, capacity 630K, committed 640K, reserved 1048576K
Event: 3.068 GC heap after
Heap after GC invocations=55 (full 0):
 PSYoungGen      total 61952K, used 64K [0x00000000d5f80000, 0x00000000d9f00000, 0x0000000100000000)
  eden space 58880K, 0% used [0x00000000d5f80000,0x00000000d5f80000,0x00000000d9900000)
  from space 3072K, 2% used [0x00000000d9900000,0x00000000d9910000,0x00000000d9c00000)
  to   space 3072K, 0% used [0x00000000d9c00000,0x00000000d9c00000,0x00000000d9f00000)
 ParOldGen       total 87552K, used 20331K [0x0000000081e00000, 0x0000000087380000, 0x00000000d5f80000)
  object space 87552K, 23% used [0x0000000081e00000,0x00000000831dad48,0x0000000087380000)
 Metaspace       used 5273K, capacity 5464K, committed 5504K, reserved 1056768K
  class space    used 574K, capacity 630K, committed 640K, reserved 1048576K
}
Event: 3.136 GC heap before
{Heap before GC invocations=56 (full 0):
 PSYoungGen      total 61952K, used 58944K [0x00000000d5f80000, 0x00000000d9f00000, 0x0000000100000000)
  eden space 58880K, 100% used [0x00000000d5f80000,0x00000000d9900000,0x00000000d9900000)
  from space 3072K, 2% used [0x00000000d9900000,0x00000000d9910000,0x00000000d9c00000)
  to   space 3072K, 0% used [0x00000000d9c00000,0x00000000d9c00000,0x00000000d9f00000)
 ParOldGen       total 87552K, used 20331K [0x0000000081e00000, 0x0000000087380000, 0x00000000d5f80000)
  object space 87552K, 23% used [0x0000000081e00000,0x00000000831dad48,0x0000000087380000)
 Metaspace       used 5273K, capacity 5464K, committed 5504K, reserved 1056768K
  class space    used 574K, capacity 630K, committed 640K, reserved 1048576K
Event: 3.137 GC heap after
Heap after GC invocations=56 (full 0):
 PSYoungGen      total 61952K, used 2432K [0x00000000d5f80000, 0x00000000d9f00000, 0x0000000100000000)
  eden space 58880K, 0% used [0x00000000d5f80000,0x00000000d5f80000,0x00000000d9900000)
  from space 3072K, 79% used [0x00000000d9c00000,0x00000000d9e60000,0x00000000d9f00000)
  to   space 3072K, 0% used [0x00000000d9900000,0x00000000d9900000,0x00000000d9c00000)
 ParOldGen       total 87552K, used 20331K [0x0000000081e00000, 0x0000000087380000, 0x00000000d5f80000)
  object space 87552K, 23% used [0x0000000081e00000,0x00000000831dad48,0x0000000087380000)
 Metaspace       used 5273K, capacity 5464K, committed 5504K, reserved 1056768K
  class space    used 574K, capacity 630K, committed 640K, reserved 1048576K
}

